<?xml version="1.0" encoding="UTF-8"?>
<testsuite xmlns:xsi="http://www.w3.org/2001/XMLSchema-instance" xsi:noNamespaceSchemaLocation="https://maven.apache.org/surefire/maven-surefire-plugin/xsd/surefire-test-report-3.0.xsd" version="3.0" name="com.microservices.orderservice.OrderServiceApplicationTests" time="17.979" tests="1" errors="0" skipped="0" failures="0">
  <properties>
[...]
</properties>
  <testcase name="shouldCreateOrder" classname="com.microservices.orderservice.OrderServiceApplicationTests" time="1.029">
    <system-out><![CDATA[13:31:52.555 [main] INFO org.springframework.test.context.support.AnnotationConfigContextLoaderUtils -- Could not detect default configuration classes for test class [com.microservices.orderservice.OrderServiceApplicationTests]: OrderServiceApplicationTests does not declare any static, non-private, non-final, nested classes annotated with @Configuration.
13:31:52.704 [main] INFO org.springframework.boot.test.context.SpringBootTestContextBootstrapper -- Found @SpringBootConfiguration com.microservices.orderservice.OrderServiceApplication for test class com.microservices.orderservice.OrderServiceApplicationTests
13:31:52.888 [main] INFO org.testcontainers.images.PullPolicy -- Image pull policy will be performed by: DefaultPullPolicy()
13:31:52.895 [main] INFO org.testcontainers.utility.ImageNameSubstitutor -- Image name substitution will be performed by: DefaultImageNameSubstitutor (composite of 'ConfigurationFileImageNameSubstitutor' and 'PrefixingImageNameSubstitutor')
13:31:53.188 [main] INFO org.testcontainers.dockerclient.DockerClientProviderStrategy -- Loaded org.testcontainers.dockerclient.NpipeSocketClientProviderStrategy from ~/.testcontainers.properties, will try it first
13:31:53.514 [main] INFO org.testcontainers.dockerclient.DockerClientProviderStrategy -- Found Docker environment with local Npipe socket (npipe:////./pipe/docker_engine)
13:31:53.516 [main] INFO org.testcontainers.DockerClientFactory -- Docker host IP address is localhost
13:31:53.545 [main] INFO org.testcontainers.DockerClientFactory -- Connected to docker: 
  Server Version: 24.0.7
  API Version: 1.43
  Operating System: Docker Desktop
  Total Memory: 3856 MB
13:31:53.580 [main] INFO tc.testcontainers/ryuk:0.5.1 -- Creating container for image: testcontainers/ryuk:0.5.1
13:31:53.885 [main] INFO tc.testcontainers/ryuk:0.5.1 -- Container testcontainers/ryuk:0.5.1 is starting: c437879b8d06ae439b3c9886c53ed97a639b99a548b40777ca9a5028f4d1da6c
13:31:54.426 [main] INFO tc.testcontainers/ryuk:0.5.1 -- Container testcontainers/ryuk:0.5.1 started in PT0.8465957S
13:31:54.436 [main] INFO org.testcontainers.utility.RyukResourceReaper -- Ryuk started - will monitor and terminate Testcontainers containers on JVM exit
13:31:54.436 [main] INFO org.testcontainers.DockerClientFactory -- Checking the system...
13:31:54.436 [main] INFO org.testcontainers.DockerClientFactory -- ✔︎ Docker server version should be at least 1.6.0
13:31:54.439 [main] INFO tc.mysql:5.6 -- Creating container for image: mysql:5.6
13:31:54.551 [main] INFO tc.mysql:5.6 -- Container mysql:5.6 is starting: b809cd758182fb897cec7386a8f5812e28968d7d95c4b53f68781609f7b6fe42
13:31:54.961 [main] INFO tc.mysql:5.6 -- Waiting for database connection to become available at jdbc:mysql://localhost:4256/test using query 'SELECT 1'
13:32:04.242 [main] INFO tc.mysql:5.6 -- Container mysql:5.6 started in PT9.8029741S
13:32:04.242 [main] INFO tc.mysql:5.6 -- Container is started (JDBC URL: jdbc:mysql://localhost:4256/test)

  .   ____          _            __ _ _
 /\\ / ___'_ __ _ _(_)_ __  __ _ \ \ \ \
( ( )\___ | '_ | '_| | '_ \/ _` | \ \ \ \
 \\/  ___)| |_)| | | | | || (_| |  ) ) ) )
  '  |____| .__|_| |_|_| |_\__, | / / / /
 =========|_|==============|___/=/_/_/_/
 :: Spring Boot ::                (v3.2.2)

2024-02-12T13:32:04.569+01:00  INFO 1652 --- [           main] c.m.o.OrderServiceApplicationTests       : Starting OrderServiceApplicationTests using Java 21.0.2 with PID 1652 (started by REAGAN in C:\Users\REAGAN\Documents\Dev\JAVA\microservices\order-service)
2024-02-12T13:32:04.570+01:00  INFO 1652 --- [           main] c.m.o.OrderServiceApplicationTests       : No active profile set, falling back to 1 default profile: "default"
2024-02-12T13:32:05.447+01:00  INFO 1652 --- [           main] .s.d.r.c.RepositoryConfigurationDelegate : Bootstrapping Spring Data JPA repositories in DEFAULT mode.
2024-02-12T13:32:05.524+01:00  INFO 1652 --- [           main] .s.d.r.c.RepositoryConfigurationDelegate : Finished Spring Data repository scanning in 64 ms. Found 1 JPA repository interface.
2024-02-12T13:32:06.029+01:00  INFO 1652 --- [           main] o.hibernate.jpa.internal.util.LogHelper  : HHH000204: Processing PersistenceUnitInfo [name: default]
2024-02-12T13:32:06.099+01:00  INFO 1652 --- [           main] org.hibernate.Version                    : HHH000412: Hibernate ORM core version 6.4.1.Final
2024-02-12T13:32:06.141+01:00  INFO 1652 --- [           main] o.h.c.internal.RegionFactoryInitiator    : HHH000026: Second-level cache disabled
2024-02-12T13:32:06.473+01:00  INFO 1652 --- [           main] o.s.o.j.p.SpringPersistenceUnitInfo      : No LoadTimeWeaver setup: ignoring JPA class transformer
2024-02-12T13:32:06.508+01:00  INFO 1652 --- [           main] com.zaxxer.hikari.HikariDataSource       : HikariPool-1 - Starting...
2024-02-12T13:32:06.537+01:00  INFO 1652 --- [           main] com.zaxxer.hikari.pool.HikariPool        : HikariPool-1 - Added connection com.mysql.cj.jdbc.ConnectionImpl@4d525897
2024-02-12T13:32:06.539+01:00  INFO 1652 --- [           main] com.zaxxer.hikari.HikariDataSource       : HikariPool-1 - Start completed.
2024-02-12T13:32:06.591+01:00  WARN 1652 --- [           main] org.hibernate.dialect.Dialect            : HHH000511: The 5.6.51 version for [org.hibernate.dialect.MySQLDialect] is no longer supported, hence certain features may not work properly. The minimum supported version is 8.0.0. Check the community dialects project for available legacy versions.
2024-02-12T13:32:07.659+01:00  INFO 1652 --- [           main] o.h.e.t.j.p.i.JtaPlatformInitiator       : HHH000489: No JTA platform available (set 'hibernate.transaction.jta.platform' to enable JTA platform integration)
Hibernate: create table t_order_line_items (id bigint not null auto_increment, price decimal(38,2), quantity integer, sku_code varchar(255), primary key (id)) engine=InnoDB
Hibernate: create table t_orders (id bigint not null auto_increment, order_number varchar(255), primary key (id)) engine=InnoDB
Hibernate: create table t_orders_order_line_items_list (order_id bigint not null, order_line_items_list_id bigint not null) engine=InnoDB
Hibernate: alter table t_orders_order_line_items_list drop index UK_nqpoocsk2utvq7va8bgth1mj9
Hibernate: alter table t_orders_order_line_items_list add constraint UK_nqpoocsk2utvq7va8bgth1mj9 unique (order_line_items_list_id)
Hibernate: alter table t_orders_order_line_items_list add constraint FK1qq155yd0omg8y9in6526bhaj foreign key (order_line_items_list_id) references t_order_line_items (id)
Hibernate: alter table t_orders_order_line_items_list add constraint FK3wdgw7hxmodjqfulfaymc8aof foreign key (order_id) references t_orders (id)
2024-02-12T13:32:07.802+01:00  INFO 1652 --- [           main] j.LocalContainerEntityManagerFactoryBean : Initialized JPA EntityManagerFactory for persistence unit 'default'
2024-02-12T13:32:08.299+01:00  WARN 1652 --- [           main] JpaBaseConfiguration$JpaWebConfiguration : spring.jpa.open-in-view is enabled by default. Therefore, database queries may be performed during view rendering. Explicitly configure spring.jpa.open-in-view to disable this warning
2024-02-12T13:32:08.750+01:00  INFO 1652 --- [           main] o.s.b.t.m.w.SpringBootMockServletContext : Initializing Spring TestDispatcherServlet ''
2024-02-12T13:32:08.750+01:00  INFO 1652 --- [           main] o.s.t.web.servlet.TestDispatcherServlet  : Initializing Servlet ''
2024-02-12T13:32:08.753+01:00  INFO 1652 --- [           main] o.s.t.web.servlet.TestDispatcherServlet  : Completed initialization in 2 ms
2024-02-12T13:32:08.777+01:00  INFO 1652 --- [           main] c.m.o.OrderServiceApplicationTests       : Started OrderServiceApplicationTests in 4.495 seconds (process running for 17.082)
Hibernate: insert into t_orders (order_number) values (?)
Hibernate: insert into t_order_line_items (price,quantity,sku_code) values (?,?,?)
Hibernate: insert into t_orders_order_line_items_list (order_id,order_line_items_list_id) values (?,?)
Hibernate: select o1_0.id,o1_0.order_number from t_orders o1_0
]]></system-out>
    <system-err><![CDATA[WARNING: A Java agent has been loaded dynamically (C:\Users\REAGAN\.m2\repository\net\bytebuddy\byte-buddy-agent\1.14.11\byte-buddy-agent-1.14.11.jar)
WARNING: If a serviceability tool is in use, please run with -XX:+EnableDynamicAgentLoading to hide this warning
WARNING: If a serviceability tool is not in use, please run with -Djdk.instrument.traceUsage for more information
WARNING: Dynamic loading of agents will be disallowed by default in a future release
]]></system-err>
  </testcase>
</testsuite>